<?xml version="1.0" encoding="UTF-8"?>
<!-- Generated by org.testng.reporters.JUnitReportReporter -->
<testsuite hostname="Nicolass-MacBook-Air.local" failures="0" tests="1" name="page.TestClass" time="0.011" errors="0" timestamp="05 Dec 2018 21:55:14 GMT" skipped="0">
  <testcase classname="page.TestClass" name="simpleTest" time="0.011"/>
</testsuite> <!-- page.TestClass -->
