<?xml version="1.0" encoding="UTF-8"?>
<!-- Generated by org.testng.reporters.JUnitReportReporter -->
<testsuite hostname="Nicolass-MacBook-Air.local" failures="0" tests="1" name="page.TestClass" time="0.007" errors="0" timestamp="06 Dec 2018 02:16:46 GMT" skipped="0">
  <testcase classname="page.TestClass" name="simpleTest" time="0.007"/>
</testsuite> <!-- page.TestClass -->
